build/outputs/logs/manifest-merger-debug-report.txt
-- Merging decision tree log ---
manifest
ADDED from src/main/AndroidManifest.xml:2:1-31:12
	package
		ADDED from src/main/AndroidManifest.xml:3:7-33
	android:versionName
		ADDED from src/main/AndroidManifest.xml:5:7-32
	android:versionCode
		ADDED from src/main/AndroidManifest.xml:4:7-30
		INJECTED from src/main/AndroidManifest.xml
		INJECTED from src/main/AndroidManifest.xml
	xmlns:android
		ADDED from src/main/AndroidManifest.xml:2:11-69
uses-permission#android.permission.WRITE_EXTERNAL_STORAGE
ADDED from src/main/AndroidManifest.xml:7:5-81
	android:name
		ADDED from src/main/AndroidManifest.xml:7:22-78
application
ADDED from src/main/AndroidManifest.xml:9:5-30:19
	android:label
		ADDED from src/main/AndroidManifest.xml:10:7-39
	android:icon
		ADDED from src/main/AndroidManifest.xml:11:7-43
activity#it.polimi.acclog.AccLogActivity
ADDED from src/main/AndroidManifest.xml:13:9-23:20
	android:screenOrientation
		ADDED from src/main/AndroidManifest.xml:16:11-47
	android:label
		ADDED from src/main/AndroidManifest.xml:15:11-43
	android:name
		ADDED from src/main/AndroidManifest.xml:14:11-40
intent-filter#android.intent.action.MAIN+android.intent.category.LAUNCHER
ADDED from src/main/AndroidManifest.xml:18:13-21:29
action#android.intent.action.MAIN
ADDED from src/main/AndroidManifest.xml:19:17-69
	android:name
		ADDED from src/main/AndroidManifest.xml:19:25-66
category#android.intent.category.LAUNCHER
ADDED from src/main/AndroidManifest.xml:20:17-77
	android:name
		ADDED from src/main/AndroidManifest.xml:20:27-74
service#it.polimi.acclog.LogService
ADDED from src/main/AndroidManifest.xml:25:9-28:19
	android:exported
		ADDED from src/main/AndroidManifest.xml:27:13-37
	android:name
		ADDED from src/main/AndroidManifest.xml:26:13-38